
Building Intro section
=============
m4trace:Introduction/intro.md:1: -1- include
m4trace:common/common.m4:5: -1- define
m4trace:common/common.m4:7: -1- define
m4trace:common/common.m4:8: -1- m4_comment
m4trace:common/common.m4:9: -1- undefine
m4trace:common/common.m4:11: -1- define
m4trace:common/common.m4:13: -1- undefine
m4trace:Introduction/intro.md:2: -1- changequote
m4trace:Introduction/intro.md:3: -1- traceon
m4trace:Introduction/intro.md:4: -1- include
m4trace:Introduction/default.md:4: -1- NOTICE_FOR_MACRO_PREPROCESSOR
m4trace:Introduction/default.md:31: -1- HDM_VERSION
m4trace:Introduction/default.md:69: -1- HDM_VERSION
VCS Build start
=============
VCS Build deployment
=============
m4trace:VCS/VCS-Deployment.m4:1: -1- include
m4trace:VCS/vcs-definitions.m4:1: -1- define
m4trace:VCS/vcs-definitions.m4:3: -1- include
m4trace:common/common.m4:5: -1- define
m4trace:common/common.m4:7: -1- define
m4trace:common/common.m4:8: -1- m4_comment
m4trace:common/common.m4:9: -1- undefine
m4trace:common/common.m4:11: -1- define
m4trace:common/common.m4:13: -1- undefine
m4trace:VCS/vcs-definitions.m4:5: -1- define
m4trace:VCS/VCS-Deployment.m4:2: -1- changequote
m4trace:VCS/VCS-Deployment.m4:3: -1- traceon
m4trace:VCS/VCS-Deployment.m4:4: -1- include
m4trace:Deployment Steps/default.md:5: -1- NOTICE_FOR_MACRO_PREPROCESSOR
m4trace:Deployment Steps/default.md:7: -1- HDM_VERSION
m4trace:Deployment Steps/default.md:7: -1- PLATFORM_NAME
m4trace:Deployment Steps/default.md:47: -1- ifdef
m4trace:Deployment Steps/default.md:50: -1- ifdef
m4trace:Deployment Steps/default.md:60: -1- ifdef
m4trace:Deployment Steps/default.md:64: -1- ifdef
m4trace:Deployment Steps/default.md:87: -1- ifdef
m4trace:Deployment Steps/default.md:91: -1- ifdef
m4trace:Deployment Steps/default.md:110: -1- ifdef
m4trace:Deployment Steps/default.md:113: -1- ifdef
m4trace:Deployment Steps/default.md:146: -1- ifdef
m4trace:Deployment Steps/default.md:150: -1- ifdef
m4trace:Deployment Steps/default.md:159: -1- ifdef
m4trace:Deployment Steps/default.md:163: -1- ifdef
m4trace:Deployment Steps/default.md:175: -1- ifdef
m4trace:Deployment Steps/default.md:179: -1- ifdef
m4trace:Deployment Steps/default.md:203: -1- ifdef
m4trace:Deployment Steps/default.md:207: -1- ifdef
m4trace:Deployment Steps/default.md:213: -1- ifdef
m4trace:Deployment Steps/default.md:217: -1- ifdef
m4trace:Deployment Steps/default.md:222: -1- ifdef
m4trace:Deployment Steps/default.md:226: -1- ifdef
m4trace:Deployment Steps/default.md:257: -1- ifdef
m4trace:Deployment Steps/default.md:261: -1- ifdef
m4trace:Deployment Steps/default.md:271: -1- ifdef
m4trace:Deployment Steps/default.md:275: -1- ifdef
m4trace:Deployment Steps/default.md:282: -1- ifdef
m4trace:Deployment Steps/default.md:286: -1- ifdef
m4trace:Deployment Steps/default.md:308: -1- ifdef
m4trace:Deployment Steps/default.md:312: -1- ifdef
m4trace:Deployment Steps/default.md:318: -1- ifdef
m4trace:Deployment Steps/default.md:322: -1- ifdef
m4trace:Deployment Steps/default.md:329: -1- ifdef
m4trace:Deployment Steps/default.md:333: -1- ifdef
m4trace:Deployment Steps/default.md:338: -1- ifdef
m4trace:Deployment Steps/default.md:343: -1- ifdef
m4trace:Deployment Steps/default.md:343: -1- ifdef
m4trace:Deployment Steps/default.md:352: -1- ifdef
m4trace:Deployment Steps/default.md:364: -1- ifdef
m4trace:Deployment Steps/default.md:368: -1- ifdef
m4trace:Deployment Steps/default.md:374: -1- ifdef
m4trace:Deployment Steps/default.md:379: -1- ifdef
m4trace:Deployment Steps/default.md:383: -1- ifdef
m4trace:Deployment Steps/default.md:387: -1- ifdef
m4trace:Deployment Steps/default.md:396: -1- ifdef
m4trace:Deployment Steps/default.md:398: -1- ifdef
m4trace:Deployment Steps/default.md:404: -1- ifdef
m4trace:Deployment Steps/default.md:408: -1- ifdef
m4trace:Deployment Steps/default.md:410: -1- ifdef
m4trace:Deployment Steps/default.md:416: -1- ifdef
m4trace:Deployment Steps/default.md:420: -1- ifdef
m4trace:Deployment Steps/default.md:428: -1- ifdef
m4trace:Deployment Steps/default.md:432: -1- ifdef
m4trace:Deployment Steps/default.md:438: -1- ifdef
m4trace:Deployment Steps/default.md:443: -1- ifdef
m4trace:Deployment Steps/default.md:448: -1- ifdef
m4trace:Deployment Steps/default.md:452: -1- ifdef
m4trace:Deployment Steps/default.md:456: -1- ifdef
m4trace:Deployment Steps/default.md:460: -1- ifdef
m4trace:Deployment Steps/default.md:464: -1- ifdef
m4trace:Deployment Steps/default.md:480: -1- ifdef
m4trace:Deployment Steps/default.md:485: -1- ifdef
m4trace:Deployment Steps/default.md:489: -1- ifdef
m4trace:Deployment Steps/default.md:496: -1- ifdef
m4trace:Deployment Steps/default.md:503: -1- ifdef
m4trace:Deployment Steps/default.md:516: -1- ifdef
m4trace:Deployment Steps/default.md:532: -1- ifdef
m4trace:Deployment Steps/default.md:536: -1- ifdef
m4trace:Deployment Steps/default.md:544: -1- ifdef
m4trace:Deployment Steps/default.md:548: -1- ifdef
m4trace:Deployment Steps/default.md:558: -1- ifdef
m4trace:Deployment Steps/default.md:562: -1- ifdef
m4trace:Deployment Steps/default.md:566: -1- ifdef
m4trace:Deployment Steps/default.md:634: -1- ifdef
VCS Build migration
=============
m4trace:VCS/VCS-Migration.m4:1: -1- include
m4trace:VCS/vcs-definitions.m4:1: -1- define
m4trace:VCS/vcs-definitions.m4:3: -1- include
m4trace:common/common.m4:5: -1- define
m4trace:common/common.m4:7: -1- define
m4trace:common/common.m4:8: -1- m4_comment
m4trace:common/common.m4:9: -1- undefine
m4trace:common/common.m4:11: -1- define
m4trace:common/common.m4:13: -1- undefine
m4trace:VCS/vcs-definitions.m4:5: -1- define
m4trace:VCS/VCS-Migration.m4:2: -1- changequote
m4trace:VCS/VCS-Migration.m4:3: -1- traceon
m4trace:VCS/VCS-Migration.m4:4: -1- include
m4trace:Performing Migrations/default.md:4: -1- NOTICE_FOR_MACRO_PREPROCESSOR
m4trace:Performing Migrations/default.md:138: -1- ifdef
m4trace:Performing Migrations/default.md:141: -1- ifdef
m4trace:Performing Migrations/default.md:145: -1- ifdef
m4trace:Performing Migrations/default.md:151: -1- ifdef
m4trace:VCS/VCS-Trouble-shoot.m4:1: -1- include
m4trace:VCS/vcs-definitions.m4:1: -1- define
m4trace:VCS/vcs-definitions.m4:3: -1- include
m4trace:common/common.m4:5: -1- define
m4trace:common/common.m4:7: -1- define
m4trace:common/common.m4:8: -1- m4_comment
m4trace:common/common.m4:9: -1- undefine
m4trace:common/common.m4:11: -1- define
m4trace:common/common.m4:13: -1- undefine
m4trace:VCS/vcs-definitions.m4:5: -1- define
m4trace:VCS/VCS-Trouble-shoot.m4:2: -1- changequote
m4trace:VCS/VCS-Trouble-shoot.m4:3: -1- traceon
m4trace:VCS/VCS-Trouble-shoot.m4:4: -1- include
m4trace:Trouble Shooting/default.md:4: -1- NOTICE_FOR_MACRO_PREPROCESSOR
m4trace:Trouble Shooting/default.md:6: -1- HDM_VERSION
m4trace:Trouble Shooting/default.md:157: -1- ifdef
m4trace:Trouble Shooting/default.md:290: -1- ifdef
m4trace:Trouble Shooting/default.md:368: -1- ifdef
VCD Build start
=============
VCD Build deployment
=============
m4trace:VCD/ibm-vcd-Deployment.m4:1: -1- include
m4trace:VCD/ibm-vcd-definitions.m4:1: -1- define
m4trace:VCD/ibm-vcd-definitions.m4:3: -1- include
m4trace:common/common.m4:5: -1- define
m4trace:common/common.m4:7: -1- define
m4trace:common/common.m4:8: -1- m4_comment
m4trace:common/common.m4:9: -1- undefine
m4trace:common/common.m4:11: -1- define
m4trace:common/common.m4:13: -1- undefine
m4trace:VCD/ibm-vcd-definitions.m4:5: -1- define
m4trace:VCD/ibm-vcd-Deployment.m4:2: -1- changequote
m4trace:VCD/ibm-vcd-Deployment.m4:3: -1- traceon
m4trace:VCD/ibm-vcd-Deployment.m4:4: -1- include
m4trace:Deployment Steps/default.md:5: -1- NOTICE_FOR_MACRO_PREPROCESSOR
m4trace:Deployment Steps/default.md:7: -1- HDM_VERSION
m4trace:Deployment Steps/default.md:7: -1- PLATFORM_NAME
m4trace:Deployment Steps/default.md:47: -1- ifdef
m4trace:Deployment Steps/default.md:50: -1- ifdef
m4trace:Deployment Steps/default.md:60: -1- ifdef
m4trace:Deployment Steps/default.md:64: -1- ifdef
m4trace:Deployment Steps/default.md:87: -1- ifdef
m4trace:Deployment Steps/default.md:91: -1- ifdef
m4trace:Deployment Steps/default.md:110: -1- ifdef
m4trace:Deployment Steps/default.md:113: -1- ifdef
m4trace:Deployment Steps/default.md:146: -1- ifdef
m4trace:Deployment Steps/default.md:150: -1- ifdef
m4trace:Deployment Steps/default.md:159: -1- ifdef
m4trace:Deployment Steps/default.md:163: -1- ifdef
m4trace:Deployment Steps/default.md:175: -1- ifdef
m4trace:Deployment Steps/default.md:179: -1- ifdef
m4trace:Deployment Steps/default.md:203: -1- ifdef
m4trace:Deployment Steps/default.md:207: -1- ifdef
m4trace:Deployment Steps/default.md:213: -1- ifdef
m4trace:Deployment Steps/default.md:217: -1- ifdef
m4trace:Deployment Steps/default.md:222: -1- ifdef
m4trace:Deployment Steps/default.md:226: -1- ifdef
m4trace:Deployment Steps/default.md:257: -1- ifdef
m4trace:Deployment Steps/default.md:261: -1- ifdef
m4trace:Deployment Steps/default.md:271: -1- ifdef
m4trace:Deployment Steps/default.md:275: -1- ifdef
m4trace:Deployment Steps/default.md:282: -1- ifdef
m4trace:Deployment Steps/default.md:286: -1- ifdef
m4trace:Deployment Steps/default.md:308: -1- ifdef
m4trace:Deployment Steps/default.md:312: -1- ifdef
m4trace:Deployment Steps/default.md:318: -1- ifdef
m4trace:Deployment Steps/default.md:322: -1- ifdef
m4trace:Deployment Steps/default.md:329: -1- ifdef
m4trace:Deployment Steps/default.md:333: -1- ifdef
m4trace:Deployment Steps/default.md:338: -1- ifdef
m4trace:Deployment Steps/default.md:343: -1- ifdef
m4trace:Deployment Steps/default.md:343: -1- ifdef
m4trace:Deployment Steps/default.md:352: -1- ifdef
m4trace:Deployment Steps/default.md:364: -1- ifdef
m4trace:Deployment Steps/default.md:368: -1- ifdef
m4trace:Deployment Steps/default.md:374: -1- ifdef
m4trace:Deployment Steps/default.md:379: -1- ifdef
m4trace:Deployment Steps/default.md:383: -1- ifdef
m4trace:Deployment Steps/default.md:387: -1- ifdef
m4trace:Deployment Steps/default.md:396: -1- ifdef
m4trace:Deployment Steps/default.md:398: -1- ifdef
m4trace:Deployment Steps/default.md:404: -1- ifdef
m4trace:Deployment Steps/default.md:408: -1- ifdef
m4trace:Deployment Steps/default.md:410: -1- ifdef
m4trace:Deployment Steps/default.md:416: -1- ifdef
m4trace:Deployment Steps/default.md:420: -1- ifdef
m4trace:Deployment Steps/default.md:428: -1- ifdef
m4trace:Deployment Steps/default.md:432: -1- ifdef
m4trace:Deployment Steps/default.md:438: -1- ifdef
m4trace:Deployment Steps/default.md:443: -1- ifdef
m4trace:Deployment Steps/default.md:448: -1- ifdef
m4trace:Deployment Steps/default.md:452: -1- ifdef
m4trace:Deployment Steps/default.md:456: -1- ifdef
m4trace:Deployment Steps/default.md:460: -1- ifdef
m4trace:Deployment Steps/default.md:464: -1- ifdef
m4trace:Deployment Steps/default.md:480: -1- ifdef
m4trace:Deployment Steps/default.md:485: -1- ifdef
m4trace:Deployment Steps/default.md:489: -1- ifdef
m4trace:Deployment Steps/default.md:496: -1- ifdef
m4trace:Deployment Steps/default.md:503: -1- ifdef
m4trace:Deployment Steps/default.md:516: -1- ifdef
m4trace:Deployment Steps/default.md:532: -1- ifdef
m4trace:Deployment Steps/default.md:536: -1- ifdef
m4trace:Deployment Steps/default.md:544: -1- ifdef
m4trace:Deployment Steps/default.md:548: -1- ifdef
m4trace:Deployment Steps/default.md:558: -1- ifdef
m4trace:Deployment Steps/default.md:562: -1- ifdef
m4trace:Deployment Steps/default.md:566: -1- ifdef
m4trace:Deployment Steps/default.md:634: -1- ifdef
VCD Build migration
=============
m4trace:VCD/ibm-vcd-Migration.m4:1: -1- include
m4trace:VCD/ibm-vcd-definitions.m4:1: -1- define
m4trace:VCD/ibm-vcd-definitions.m4:3: -1- include
m4trace:common/common.m4:5: -1- define
m4trace:common/common.m4:7: -1- define
m4trace:common/common.m4:8: -1- m4_comment
m4trace:common/common.m4:9: -1- undefine
m4trace:common/common.m4:11: -1- define
m4trace:common/common.m4:13: -1- undefine
m4trace:VCD/ibm-vcd-definitions.m4:5: -1- define
m4trace:VCD/ibm-vcd-Migration.m4:2: -1- changequote
m4trace:VCD/ibm-vcd-Migration.m4:3: -1- traceon
m4trace:VCD/ibm-vcd-Migration.m4:4: -1- include
m4trace:Performing Migrations/default.md:4: -1- NOTICE_FOR_MACRO_PREPROCESSOR
m4trace:Performing Migrations/default.md:138: -1- ifdef
m4trace:Performing Migrations/default.md:141: -1- ifdef
m4trace:Performing Migrations/default.md:145: -1- ifdef
m4trace:Performing Migrations/default.md:151: -1- ifdef
m4trace:Performing Migrations/default.md:151: -1- HDM_VERSION
m4trace:VCD/ibm-vcd-Trouble-shoot.m4:1: -1- include
m4trace:VCD/ibm-vcd-definitions.m4:1: -1- define
m4trace:VCD/ibm-vcd-definitions.m4:3: -1- include
m4trace:common/common.m4:5: -1- define
m4trace:common/common.m4:7: -1- define
m4trace:common/common.m4:8: -1- m4_comment
m4trace:common/common.m4:9: -1- undefine
m4trace:common/common.m4:11: -1- define
m4trace:common/common.m4:13: -1- undefine
m4trace:VCD/ibm-vcd-definitions.m4:5: -1- define
m4trace:VCD/ibm-vcd-Trouble-shoot.m4:2: -1- changequote
m4trace:VCD/ibm-vcd-Trouble-shoot.m4:3: -1- traceon
m4trace:VCD/ibm-vcd-Trouble-shoot.m4:4: -1- include
m4trace:Trouble Shooting/default.md:4: -1- NOTICE_FOR_MACRO_PREPROCESSOR
m4trace:Trouble Shooting/default.md:6: -1- HDM_VERSION
m4trace:Trouble Shooting/default.md:157: -1- ifdef
m4trace:Trouble Shooting/default.md:290: -1- ifdef
m4trace:Trouble Shooting/default.md:368: -1- ifdef
CDS Build start
=============
CDS Build deployment
=============
m4trace:CDS/CDS-Deployment.m4:1: -1- include
m4trace:CDS/CDS-definitions.m4:1: -1- define
m4trace:CDS/CDS-definitions.m4:3: -1- include
m4trace:common/common.m4:5: -1- define
m4trace:common/common.m4:7: -1- define
m4trace:common/common.m4:8: -1- m4_comment
m4trace:common/common.m4:9: -1- undefine
m4trace:common/common.m4:11: -1- define
m4trace:common/common.m4:13: -1- undefine
m4trace:CDS/CDS-definitions.m4:5: -1- define
m4trace:CDS/CDS-Deployment.m4:2: -1- changequote
m4trace:CDS/CDS-Deployment.m4:3: -1- traceon
m4trace:CDS/CDS-Deployment.m4:4: -1- include
m4trace:Deployment Steps/default.md:5: -1- NOTICE_FOR_MACRO_PREPROCESSOR
m4trace:Deployment Steps/default.md:7: -1- HDM_VERSION
m4trace:Deployment Steps/default.md:7: -1- PLATFORM_NAME
m4trace:Deployment Steps/default.md:47: -1- ifdef
m4trace:Deployment Steps/default.md:50: -1- ifdef
m4trace:Deployment Steps/default.md:60: -1- ifdef
m4trace:Deployment Steps/default.md:64: -1- ifdef
m4trace:Deployment Steps/default.md:87: -1- ifdef
m4trace:Deployment Steps/default.md:91: -1- ifdef
m4trace:Deployment Steps/default.md:110: -1- ifdef
m4trace:Deployment Steps/default.md:113: -1- ifdef
m4trace:Deployment Steps/default.md:146: -1- ifdef
m4trace:Deployment Steps/default.md:150: -1- ifdef
m4trace:Deployment Steps/default.md:159: -1- ifdef
m4trace:Deployment Steps/default.md:163: -1- ifdef
m4trace:Deployment Steps/default.md:175: -1- ifdef
m4trace:Deployment Steps/default.md:179: -1- ifdef
m4trace:Deployment Steps/default.md:203: -1- ifdef
m4trace:Deployment Steps/default.md:207: -1- ifdef
m4trace:Deployment Steps/default.md:213: -1- ifdef
m4trace:Deployment Steps/default.md:217: -1- ifdef
m4trace:Deployment Steps/default.md:222: -1- ifdef
m4trace:Deployment Steps/default.md:226: -1- ifdef
m4trace:Deployment Steps/default.md:257: -1- ifdef
m4trace:Deployment Steps/default.md:261: -1- ifdef
m4trace:Deployment Steps/default.md:271: -1- ifdef
m4trace:Deployment Steps/default.md:275: -1- ifdef
m4trace:Deployment Steps/default.md:282: -1- ifdef
m4trace:Deployment Steps/default.md:286: -1- ifdef
m4trace:Deployment Steps/default.md:308: -1- ifdef
m4trace:Deployment Steps/default.md:312: -1- ifdef
m4trace:Deployment Steps/default.md:318: -1- ifdef
m4trace:Deployment Steps/default.md:322: -1- ifdef
m4trace:Deployment Steps/default.md:329: -1- ifdef
m4trace:Deployment Steps/default.md:333: -1- ifdef
m4trace:Deployment Steps/default.md:338: -1- ifdef
m4trace:Deployment Steps/default.md:343: -1- ifdef
m4trace:Deployment Steps/default.md:343: -1- ifdef
m4trace:Deployment Steps/default.md:352: -1- ifdef
m4trace:Deployment Steps/default.md:364: -1- ifdef
m4trace:Deployment Steps/default.md:368: -1- ifdef
m4trace:Deployment Steps/default.md:374: -1- ifdef
m4trace:Deployment Steps/default.md:379: -1- ifdef
m4trace:Deployment Steps/default.md:383: -1- ifdef
m4trace:Deployment Steps/default.md:387: -1- ifdef
m4trace:Deployment Steps/default.md:396: -1- ifdef
m4trace:Deployment Steps/default.md:398: -1- ifdef
m4trace:Deployment Steps/default.md:404: -1- ifdef
m4trace:Deployment Steps/default.md:408: -1- ifdef
m4trace:Deployment Steps/default.md:410: -1- ifdef
m4trace:Deployment Steps/default.md:416: -1- ifdef
m4trace:Deployment Steps/default.md:420: -1- ifdef
m4trace:Deployment Steps/default.md:428: -1- ifdef
m4trace:Deployment Steps/default.md:432: -1- ifdef
m4trace:Deployment Steps/default.md:438: -1- ifdef
m4trace:Deployment Steps/default.md:443: -1- ifdef
m4trace:Deployment Steps/default.md:448: -1- ifdef
m4trace:Deployment Steps/default.md:452: -1- ifdef
m4trace:Deployment Steps/default.md:456: -1- ifdef
m4trace:Deployment Steps/default.md:460: -1- ifdef
m4trace:Deployment Steps/default.md:464: -1- ifdef
m4trace:Deployment Steps/default.md:480: -1- ifdef
m4trace:Deployment Steps/default.md:485: -1- ifdef
m4trace:Deployment Steps/default.md:489: -1- ifdef
m4trace:Deployment Steps/default.md:496: -1- ifdef
m4trace:Deployment Steps/default.md:503: -1- ifdef
m4trace:Deployment Steps/default.md:516: -1- ifdef
m4trace:Deployment Steps/default.md:532: -1- ifdef
m4trace:Deployment Steps/default.md:536: -1- ifdef
m4trace:Deployment Steps/default.md:544: -1- ifdef
m4trace:Deployment Steps/default.md:548: -1- ifdef
m4trace:Deployment Steps/default.md:558: -1- ifdef
m4trace:Deployment Steps/default.md:562: -1- ifdef
m4trace:Deployment Steps/default.md:566: -1- ifdef
m4trace:Deployment Steps/default.md:634: -1- ifdef
